Query Type QSQR MagicSets
RP35(A,<http://www.Department6.University372.edu/Course25>) 1 84.0243 108.353 [0, 1, False, 1]
RP20(A,<http://www.Department17.University622.edu>) 1 82.949 113.624 [0, 1, False, 35]
RP2(A,<http://www.University204.edu>) 1 142.609 183.071 [0, 1, False, 691]
RP56(A,<http://www.University49.edu>) 1 167.703 186.079 [0, 1, False, 740]
RP35(<http://www.Department5.University241.edu/GraduateStudent5>,B) 1 82.7188 100.248 [1, 0, False, 1]
RP56(<http://www.Department11.University808.edu/AssociateProfessor11>,B) 1 79.576 118.922 [1, 0, False, 1]
RP2(A,<http://www.University5.edu>) 1 145.468 131.563 [0, 1, False, 721]
RP56(A,<http://www.University906.edu>) 1 156.787 173.38 [0, 1, False, 664]
RP20(<http://www.Department13.University654.edu/AssistantProfessor8>,B) 1 71.1167 112.691 [1, 0, False, 1]
RP49(A,<http://www.Department1.University604.edu>) 1 77.0522 102.923 [0, 1, False, 17]
RP2(<http://www.Department6.University370.edu/FullProfessor1>,B) 1 65.7817 103.467 [1, 0, False, 1]
RP29(<http://www.Department1.University851.edu/AssociateProfessor8>,B) 1 75.0727 73.5094 [1, 0, False, 4]
RP20(<http://www.Department12.University539.edu/Lecturer2>,B) 1 95.34 106.497 [1, 0, False, 1]
RP35(A,<http://www.Department0.University596.edu/Course37>) 1 76.5988 112.453 [0, 1, False, 1]
RP56(<http://www.Department5.University289.edu/AssociateProfessor10>,B) 1 81.1804 104.616 [1, 0, False, 1]
RP20(A,<http://www.Department3.University617.edu>) 1 78.8763 110.165 [0, 1, False, 37]
RP74(<http://www.Department20.University744.edu/UndergraduateStudent230>,B) 1 72.6205 117.457 [1, 0, False, 1]
RP47(A,"xxx-xxx-xxxx") 1 15928.3 6405.02 [0, 1, False, 11168009]
RP20(A,<http://www.Department20.University321.edu>) 1 79.8675 119.063 [0, 1, False, 35]
RP20(<http://www.Department7.University530.edu/Lecturer1>,B) 1 76.8691 96.7238 [1, 0, False, 1]
RP44(<http://www.Department4.University9.edu/GraduateStudent51>,B) 1 93.4571 101.58 [1, 0, False, 1]
RP56(<http://www.Department10.University946.edu/AssistantProfessor3>,B) 1 69.8587 92.9869 [1, 0, False, 1]
RP35(A,<http://www.Department15.University23.edu/Course14>) 1 90.0163 113.285 [0, 1, False, 1]
RP49(<http://www.Department10.University105.edu>,B) 1 67.7717 102.898 [1, 0, False, 1]
RP20(<http://www.Department7.University154.edu/AssociateProfessor13>,B) 1 88.4902 118.571 [1, 0, False, 1]
RP56(A,<http://www.University550.edu>) 1 146.883 185.976 [0, 1, False, 716]
RP35(<http://www.Department10.University897.edu/GraduateStudent81>,B) 1 90.8375 121.252 [1, 0, False, 1]
RP2(A,<http://www.University476.edu>) 1 137.776 141.631 [0, 1, False, 681]
RP56(A,<http://www.University948.edu>) 1 168.163 182.633 [0, 1, False, 752]
RP49(<http://www.Department11.University532.edu/ResearchGroup1>,B) 1 92.7789 99.6443 [1, 0, False, 2]
RP49(A,<http://www.University346.edu>) 2 68.9021 657.726 [0, 1, False, 311]
RP49(A,<http://www.University573.edu>) 2 66.8932 633.152 [0, 1, False, 352]
RP40(<http://www.Department14.University650.edu/Lecturer1>,B) 2 84.503 97.7269 [1, 0, False, 1]
RP49(<http://www.Department5.University38.edu/ResearchGroup6>,B) 2 77.5646 84.7187 [1, 0, False, 2]
RP13(A,<http://www.Department0.University481.edu/FullProfessor4>) 2 76.1038 107.348 [0, 1, False, 1]
RP0(A,<http://www.Department1.University379.edu/AssociateProfessor3>) 2 1033.96 2085.59 [0, 1, False, 38]
RP49(<http://www.Department16.University220.edu/ResearchGroup5>,B) 2 81.2973 119.536 [1, 0, False, 2]
RP49(<http://www.Department2.University145.edu/ResearchGroup1>,B) 2 90.4849 90.7097 [1, 0, False, 2]
RP49(A,<http://www.University230.edu>) 2 68.3754 664.348 [0, 1, False, 354]
RP49(A,<http://www.University298.edu>) 2 79.4949 499.514 [0, 1, False, 380]
RP49(<http://www.Department5.University64.edu/ResearchGroup0>,B) 2 79.2159 113.564 [1, 0, False, 2]
RP49(A,<http://www.University460.edu>) 2 71.345 408.859 [0, 1, False, 354]
RP30(<http://www.Department1.University64.edu/Course9>,B) 2 265.301 961.456 [1, 0, False, 47]
RP49(<http://www.Department5.University947.edu/ResearchGroup7>,B) 2 83.1527 95.9708 [1, 0, False, 2]
RP49(<http://www.Department14.University544.edu/ResearchGroup1>,B) 2 70.7331 85.6489 [1, 0, False, 2]
RP49(<http://www.Department17.University530.edu/ResearchGroup8>,B) 2 73.1293 119.823 [1, 0, False, 2]
RP49(<http://www.Department14.University594.edu/ResearchGroup12>,B) 2 66.3518 98.2603 [1, 0, False, 2]
RP49(A,<http://www.University911.edu>) 2 71.5447 636.929 [0, 1, False, 298]
RP5(A,<http://www.University852.edu>) 2 433.67 404.864 [0, 1, False, 4646]
RP49(A,<http://www.University57.edu>) 2 70.7965 93.489 [0, 1, False, 305]
RP49(A,<http://www.University897.edu>) 2 62.9886 361.66 [0, 1, False, 291]
RP40(<http://www.Department0.University566.edu/FullProfessor0>,B) 2 67.3419 73.1548 [1, 0, False, 1]
RP5(<http://www.Department2.University555.edu/Lecturer2>,B) 2 81.1409 98.6279 [1, 0, False, 3]
RP49(<http://www.Department4.University269.edu/ResearchGroup1>,B) 2 78.8821 115.957 [1, 0, False, 2]
RP49(A,<http://www.University227.edu>) 2 69.1506 79.8994 [0, 1, False, 273]
RP49(<http://www.Department13.University127.edu/ResearchGroup5>,B) 2 83.9538 122.41 [1, 0, False, 2]
RP49(A,<http://www.University404.edu>) 2 69.4785 442.774 [0, 1, False, 265]
RP49(A,<http://www.University481.edu>) 2 71.6786 201.428 [0, 1, False, 299]
RP49(<http://www.Department22.University139.edu/ResearchGroup15>,B) 2 76.9799 76.9644 [1, 0, False, 2]
RP49(A,<http://www.University328.edu>) 2 72.3399 398.154 [0, 1, False, 388]
RP5(A,<http://www.University730.edu>) 3 450.7 395.136 [0, 1, False, 4695]
RP5(<http://www.Department13.University303.edu/GraduateStudent98>,B) 3 82.7781 656.933 [1, 0, False, 1]
RP5(<http://www.Department0.University282.edu/GraduateStudent21>,B) 3 83.1015 115.308 [1, 0, False, 1]
RP30(<http://www.Department10.University86.edu/GraduateCourse32>,B) 3 416.882 926.344 [1, 0, False, 48]
RP5(A,<http://www.University453.edu>) 3 424.46 360.602 [0, 1, False, 4549]
RP5(<http://www.Department3.University909.edu/GraduateStudent130>,B) 3 64.1844 105.346 [1, 0, False, 1]
RP5(A,<http://www.University664.edu>) 3 467.469 406.051 [0, 1, False, 4720]
RP5(A,<http://www.University72.edu>) 3 391.867 358.452 [0, 1, False, 4671]
RP5(<http://www.Department9.University296.edu/GraduateStudent57>,B) 3 72.7656 91.1799 [1, 0, False, 1]
RP5(<http://www.Department2.University663.edu/GraduateStudent95>,B) 3 76.9927 127.456 [1, 0, False, 1]
RP0(<http://www.Department17.University718.edu/AssistantProfessor7>,B) 3 1169.06 2616.81 [1, 0, False, 36]
RP5(A,<http://www.University753.edu>) 3 373.539 372.037 [0, 1, False, 4640]
RP30(<http://www.Department4.University268.edu/GraduateCourse34>,B) 3 405.806 850.839 [1, 0, False, 49]
RP5(<http://www.Department5.University49.edu/GraduateStudent76>,B) 3 77.3016 123.629 [1, 0, False, 1]
RP30(A,<http://www.Department1.University280.edu/GraduateCourse27>) 3 476.621 967.461 [0, 1, False, 57]
RP5(<http://www.Department4.University28.edu/GraduateStudent15>,B) 3 46.5453 77.6181 [1, 0, False, 1]
RP30(A,<http://www.Department0.University349.edu/GraduateCourse26>) 3 546.77 845.884 [0, 1, False, 54]
RP5(<http://www.Department19.University629.edu/GraduateStudent71>,B) 3 317.805 115.807 [1, 0, False, 1]
RP5(<http://www.Department19.University301.edu/GraduateStudent24>,B) 3 76.7193 84.5645 [1, 0, False, 1]
RP5(<http://www.Department10.University422.edu/GraduateStudent76>,B) 3 76.1926 103.506 [1, 0, False, 1]
RP5(<http://www.Department15.University955.edu/GraduateStudent137>,B) 3 79.7274 99.2616 [1, 0, False, 1]
RP30(A,<http://www.Department4.University716.edu/GraduateCourse44>) 3 390.74 958.427 [0, 1, False, 51]
RP5(<http://www.Department3.University610.edu/GraduateStudent95>,B) 3 70.154 106.163 [1, 0, False, 1]
RP5(<http://www.Department8.University654.edu/AssistantProfessor5>,B) 3 78.0625 124.051 [1, 0, False, 3]
RP5(<http://www.Department6.University353.edu/FullProfessor3>,B) 3 68.185 72.9099 [1, 0, False, 3]
RP5(A,<http://www.University114.edu>) 3 499.02 402.091 [0, 1, False, 4786]
RP5(A,<http://www.University202.edu>) 3 428.625 383.489 [0, 1, False, 4831]
RP5(A,<http://www.University621.edu>) 3 392.751 438.801 [0, 1, False, 4744]
RP5(<http://www.Department11.University269.edu/GraduateStudent88>,B) 3 60.0297 71.3441 [1, 0, False, 1]
RP5(A,<http://www.University422.edu>) 3 445.178 384.685 [0, 1, False, 4629]
RP0(A,<http://www.Department12.University91.edu/Lecturer2>) 4 933.172 1891.33 [0, 1, False, 38]
RP0(<http://www.Department2.University408.edu/AssociateProfessor3>,B) 4 780.512 1790.26 [1, 0, False, 36]
RP0(<http://www.Department1.University931.edu/AssociateProfessor7>,B) 4 691.484 1800.11 [1, 0, False, 36]
RP0(A,<http://www.Department12.University218.edu/Lecturer3>) 4 835.036 1737.27 [0, 1, False, 35]
RP0(A,<http://www.Department20.University310.edu/Lecturer0>) 4 680.477 2038.02 [0, 1, False, 33]
RP0(A,<http://www.Department6.University984.edu/Lecturer5>) 4 760.759 2132.02 [0, 1, False, 36]
RP0(<http://www.Department14.University452.edu/AssociateProfessor1>,B) 4 878.782 2190.85 [1, 0, False, 35]
RP0(A,<http://www.Department18.University339.edu/Lecturer2>) 4 783.994 2459.6 [0, 1, False, 37]
RP0(<http://www.Department15.University657.edu/AssistantProfessor0>,B) 4 736.279 2197.31 [1, 0, False, 35]
RP0(<http://www.Department5.University895.edu/FullProfessor5>,B) 4 1638.62 2473.55 [1, 0, False, 41]
RP0(A,<http://www.Department4.University171.edu/Lecturer2>) 4 840.387 1791.19 [0, 1, False, 36]
RP0(A,<http://www.Department11.University898.edu/Lecturer1>) 4 673.903 1824.42 [0, 1, False, 33]
RP0(A,<http://www.Department6.University222.edu/Lecturer3>) 4 953.963 2115.37 [0, 1, False, 37]
RP0(A,<http://www.Department8.University761.edu/Lecturer0>) 4 840.315 2117.34 [0, 1, False, 36]
RP0(A,<http://www.Department17.University436.edu/Lecturer0>) 4 1028.04 2513.77 [0, 1, False, 41]
RP0(<http://www.Department19.University799.edu/AssociateProfessor9>,B) 4 865.752 2489.13 [1, 0, False, 34]
RP0(<http://www.Department12.University570.edu/AssistantProfessor6>,B) 4 1046.09 1920.03 [1, 0, False, 40]
RP0(A,<http://www.Department14.University618.edu/Lecturer0>) 4 656.921 1966.34 [0, 1, False, 37]
RP0(A,<http://www.Department23.University77.edu/Lecturer3>) 4 920.894 2148.77 [0, 1, False, 37]
RP0(<http://www.Department22.University328.edu/FullProfessor2>,B) 4 768.947 1804.29 [1, 0, False, 36]
RP0(A,<http://www.Department1.University654.edu/Lecturer3>) 4 991.168 2350.62 [0, 1, False, 37]
RP0(<http://www.Department16.University951.edu/AssociateProfessor0>,B) 4 872.431 2171.87 [1, 0, False, 36]
RP0(<http://www.Department17.University777.edu/AssociateProfessor8>,B) 4 849.054 2215.8 [1, 0, False, 36]
RP0(A,<http://www.Department7.University847.edu/Lecturer5>) 4 1037.45 2468.72 [0, 1, False, 37]
RP0(<http://www.Department23.University388.edu/AssociateProfessor3>,B) 4 762.967 1907.24 [1, 0, False, 37]
RP0(A,<http://www.Department18.University334.edu/Lecturer2>) 4 595.213 1589.74 [0, 1, False, 33]
RP0(<http://www.Department20.University400.edu/AssociateProfessor0>,B) 4 882.69 2663.68 [1, 0, False, 39]
RP0(<http://www.Department7.University914.edu/AssistantProfessor2>,B) 4 783.278 2560.07 [1, 0, False, 37]
RP0(<http://www.Department14.University838.edu/FullProfessor2>,B) 4 860.773 1924.93 [1, 0, False, 36]
RP0(<http://www.Department1.University911.edu/AssociateProfessor8>,B) 4 923.817 2144.35 [1, 0, False, 35]
RP74(A,B) 101 25000 11354.9 [0, 0, False, 0]
RP66(A) 102 25000 25000 [0, 0, True, 0]
RP5(A,B) 103 25000 6911.07 [0, 0, False, 0]
RP30(A,B) 104 25000 25000 [0, 0, False, 0]
RP35(<http://www.Department14.University343.edu/GraduateStudent100>,<http://www.Department14.University343.edu/Course22>) 1001 78.9125 101.364 [1, 1, False, 1]
RP34(<http://www.Department10.University72.edu/GraduateStudent108>) 1001 133.822 221.118 [1, 1, True, 1]
RP56(<http://www.Department6.University248.edu/FullProfessor8>,<http://www.University671.edu>) 1001 66.4194 117.472 [1, 1, False, 1]
RP56(<http://www.Department5.University76.edu/AssociateProfessor0>,<http://www.University713.edu>) 1001 88.5433 103.62 [1, 1, False, 1]
RP2(<http://www.Department5.University30.edu/AssociateProfessor5>,<http://www.University204.edu>) 1001 64.9114 79.1902 [1, 1, False, 1]
RP65(<http://www.Department9.University59.edu/GraduateStudent84>) 1001 79.4802 86.7884 [1, 1, True, 1]
RP35(<http://www.Department21.University660.edu/GraduateStudent124>,<http://www.Department21.University660.edu/Course25>) 1001 64.8502 277.274 [1, 1, False, 1]
RP14(<http://www.Department10.University325.edu/AssistantProfessor3>) 1001 79.6779 67.7651 [1, 1, True, 1]
RP9(<http://www.Department12.University644.edu/AssociateProfessor3>) 1001 158.046 271.31 [1, 1, True, 1]
RP69(<http://www.Department6.University457.edu/ResearchGroup1>) 1001 81.1295 75.141 [1, 1, True, 1]
RP35(<http://www.Department2.University919.edu/GraduateStudent13>,<http://www.Department2.University919.edu/Course37>) 1001 95.8517 94.6187 [1, 1, False, 1]
RP21(<http://www.Department11.University236.edu/FullProfessor3>,<http://www.Department11.University236.edu>) 1001 78.2978 106.023 [1, 1, False, 1]
RP6(<http://www.University392.edu>,<http://www.Department0.University376.edu/GraduateStudent93>) 1001 79.8038 132.208 [1, 1, False, 1]
RP2(<http://www.Department8.University652.edu/AssociateProfessor9>,<http://www.University879.edu>) 1001 64.4157 65.7916 [1, 1, False, 1]
RP40(<http://www.Department2.University119.edu/GraduateStudent57>,<http://www.Department2.University119.edu>) 1001 83.272 109.804 [1, 1, False, 1]
RP56(<http://www.Department21.University577.edu/AssociateProfessor1>,<http://www.University7.edu>) 1001 76.9043 127.574 [1, 1, False, 1]
RP34(<http://www.Department4.University438.edu/GraduateStudent52>) 1001 162.087 423.398 [1, 1, True, 1]
RP56(<http://www.Department2.University247.edu/AssistantProfessor0>,<http://www.University970.edu>) 1001 74.2147 107.9 [1, 1, False, 1]
RP2(<http://www.Department7.University802.edu/AssistantProfessor4>,<http://www.University653.edu>) 1001 85.0821 112.937 [1, 1, False, 1]
RP20(<http://www.Department12.University861.edu/AssistantProfessor5>,<http://www.Department12.University861.edu>) 1001 66.9896 107.342 [1, 1, False, 1]
RP7(<http://www.Department17.University80.edu/AssistantProfessor6>) 1001 130.118 307.787 [1, 1, True, 1]
RP2(<http://www.Department6.University598.edu/AssistantProfessor5>,<http://www.University107.edu>) 1001 74.6977 109.993 [1, 1, False, 1]
RP65(<http://www.Department9.University390.edu/GraduateStudent117>) 1001 74.9644 91.0662 [1, 1, True, 1]
RP56(<http://www.Department0.University907.edu/FullProfessor4>,<http://www.University480.edu>) 1001 91.1777 112.498 [1, 1, False, 1]
RP2(<http://www.Department9.University73.edu/FullProfessor6>,<http://www.University628.edu>) 1001 80.4608 120.939 [1, 1, False, 1]
RP34(<http://www.Department3.University352.edu/GraduateStudent65>) 1001 117.059 378.315 [1, 1, True, 1]
RP29(<http://www.Department11.University572.edu/Lecturer5>,<http://www.Department11.University572.edu/GraduateCourse61>) 1001 64.9089 89.9015 [1, 1, False, 1]
RP2(<http://www.Department8.University781.edu/AssociateProfessor4>,<http://www.University228.edu>) 1001 65.5497 97.0977 [1, 1, False, 1]
RP65(<http://www.Department8.University306.edu/GraduateStudent80>) 1001 88.9571 87.5503 [1, 1, True, 1]
RP56(<http://www.Department18.University748.edu/AssistantProfessor0>,<http://www.University866.edu>) 1001 60.5263 114.125 [1, 1, False, 1]
RP49(<http://www.Department23.University932.edu/ResearchGroup1>,<http://www.University932.edu>) 1002 68.4165 110.291 [1, 1, False, 1]
RP49(<http://www.Department7.University262.edu/ResearchGroup5>,<http://www.University262.edu>) 1002 100.345 102.915 [1, 1, False, 1]
RP8(<http://www.Department11.University96.edu/AssociateProfessor3>) 1002 177.169 234.981 [1, 1, True, 1]
RP8(<http://www.Department17.University852.edu/AssistantProfessor2>) 1002 104.39 321.938 [1, 1, True, 1]
RP8(<http://www.Department2.University698.edu/AssociateProfessor1>) 1002 106.326 360.027 [1, 1, True, 1]
RP15(<http://www.Department11.University196.edu/ResearchGroup13>) 1002 97.7464 130.141 [1, 1, True, 1]
RP8(<http://www.Department2.University58.edu/AssociateProfessor1>) 1002 136.864 492.47 [1, 1, True, 1]
RP15(<http://www.Department20.University255.edu/ResearchGroup2>) 1002 97.993 100.475 [1, 1, True, 1]
RP49(<http://www.Department14.University133.edu/ResearchGroup10>,<http://www.University133.edu>) 1002 77.7823 85.5809 [1, 1, False, 1]
RP15(<http://www.Department12.University170.edu/ResearchGroup3>) 1002 85.9678 136.403 [1, 1, True, 1]
RP8(<http://www.Department0.University350.edu/FullProfessor6>) 1002 148.987 143.719 [1, 1, True, 1]
RP8(<http://www.Department9.University916.edu/AssociateProfessor5>) 1002 123.695 412.684 [1, 1, True, 1]
RP49(<http://www.Department6.University201.edu/ResearchGroup9>,<http://www.University201.edu>) 1002 66.9263 105.988 [1, 1, False, 1]
RP49(<http://www.Department16.University772.edu/ResearchGroup5>,<http://www.University772.edu>) 1002 90.3434 114.583 [1, 1, False, 1]
RP8(<http://www.Department12.University686.edu/FullProfessor2>) 1002 102.408 296.154 [1, 1, True, 1]
RP49(<http://www.Department6.University542.edu/ResearchGroup10>,<http://www.University542.edu>) 1002 77.434 112.961 [1, 1, False, 1]
RP8(<http://www.Department4.University91.edu/AssistantProfessor9>) 1002 133.947 346.006 [1, 1, True, 1]
RP49(<http://www.Department13.University17.edu/ResearchGroup8>,<http://www.University17.edu>) 1002 91.0422 122.674 [1, 1, False, 1]
RP8(<http://www.Department2.University254.edu/FullProfessor2>) 1002 150.409 295.927 [1, 1, True, 1]
RP49(<http://www.Department16.University763.edu/ResearchGroup7>,<http://www.University763.edu>) 1002 65.2461 81.9734 [1, 1, False, 1]
RP15(<http://www.Department11.University810.edu/ResearchGroup12>) 1002 82.7665 79.3912 [1, 1, True, 1]
RP9(<http://www.Department7.University815.edu/AssistantProfessor3>) 1002 164.888 398.846 [1, 1, True, 1]
RP49(<http://www.Department10.University457.edu/ResearchGroup11>,<http://www.University457.edu>) 1002 63.482 92.8004 [1, 1, False, 1]
RP49(<http://www.Department10.University568.edu/ResearchGroup7>,<http://www.University568.edu>) 1002 87.5648 107.181 [1, 1, False, 1]
RP8(<http://www.Department8.University199.edu/FullProfessor7>) 1002 125.387 399.2 [1, 1, True, 1]
RP49(<http://www.Department2.University719.edu/ResearchGroup4>,<http://www.University719.edu>) 1002 64.7279 87.5418 [1, 1, False, 1]
RP49(<http://www.Department2.University223.edu/ResearchGroup4>,<http://www.University223.edu>) 1002 286.927 95.18 [1, 1, False, 1]
RP8(<http://www.Department8.University739.edu/AssistantProfessor9>) 1002 133.242 443.731 [1, 1, True, 1]
RP8(<http://www.Department1.University432.edu/AssociateProfessor0>) 1002 127.773 224.923 [1, 1, True, 1]
RP8(<http://www.Department2.University597.edu/AssistantProfessor2>) 1002 94.098 348.165 [1, 1, True, 1]
RP9(<http://www.Department4.University930.edu/FullProfessor2>) 1003 87.5387 369.072 [1, 1, True, 1]
RP5(<http://www.Department9.University163.edu/AssistantProfessor1>,<http://www.University528.edu>) 1003 78.5763 106.993 [1, 1, False, 1]
RP5(<http://www.Department18.University908.edu/Lecturer2>,<http://www.University725.edu>) 1003 80.4705 100.355 [1, 1, False, 1]
RP9(<http://www.Department13.University112.edu/FullProfessor7>) 1003 115.729 263.399 [1, 1, True, 1]
RP9(<http://www.Department0.University667.edu/FullProfessor2>) 1003 149.091 182.143 [1, 1, True, 1]
RP9(<http://www.Department7.University206.edu/FullProfessor1>) 1003 149.822 422.633 [1, 1, True, 1]
RP9(<http://www.Department7.University638.edu/FullProfessor6>) 1003 144.021 431.96 [1, 1, True, 1]
RP9(<http://www.Department10.University366.edu/FullProfessor4>) 1003 161.724 203.153 [1, 1, True, 1]
RP9(<http://www.Department10.University181.edu/FullProfessor0>) 1003 135.297 242.727 [1, 1, True, 1]
RP9(<http://www.Department12.University592.edu/FullProfessor3>) 1003 92.6078 224.57 [1, 1, True, 1]
RP9(<http://www.Department6.University809.edu/FullProfessor3>) 1003 135.7 409.082 [1, 1, True, 1]
RP9(<http://www.Department21.University152.edu/FullProfessor7>) 1003 124.002 333.317 [1, 1, True, 1]
RP9(<http://www.Department19.University537.edu/FullProfessor6>) 1003 132.008 333.13 [1, 1, True, 1]
RP9(<http://www.Department4.University596.edu/FullProfessor6>) 1003 129.121 375.204 [1, 1, True, 1]
RP9(<http://www.Department7.University755.edu/FullProfessor4>) 1003 132.192 418.659 [1, 1, True, 1]
RP0(<http://www.Department12.University301.edu/Lecturer3>,<http://www.Department12.University301.edu/AssociateProfessor7>) 1003 25000 2877.29 [1, 1, False, 0]
RP9(<http://www.Department15.University829.edu/FullProfessor5>) 1003 164.41 312.76 [1, 1, True, 1]
RP9(<http://www.Department5.University800.edu/FullProfessor2>) 1003 155.864 412.428 [1, 1, True, 1]
RP30(<http://www.Department1.University506.edu/GraduateCourse16>,<http://www.Department1.University506.edu/GraduateCourse35>) 1003 5088.2 988.351 [1, 1, False, 1]
RP9(<http://www.Department8.University102.edu/FullProfessor9>) 1003 134.144 441.907 [1, 1, True, 1]
RP5(<http://www.Department13.University767.edu/AssistantProfessor5>,<http://www.University932.edu>) 1003 72.4008 108.78 [1, 1, False, 1]
RP5(<http://www.Department14.University33.edu/GraduateStudent96>,<http://www.University645.edu>) 1003 64.8155 76.7859 [1, 1, False, 1]
RP9(<http://www.Department8.University401.edu/FullProfessor5>) 1003 130.363 413.272 [1, 1, True, 1]
RP9(<http://www.Department0.University751.edu/FullProfessor7>) 1003 115.123 198.111 [1, 1, True, 1]
RP9(<http://www.Department9.University737.edu/FullProfessor4>) 1003 96.022 401.078 [1, 1, True, 1]
RP5(<http://www.Department4.University828.edu/GraduateStudent76>,<http://www.University212.edu>) 1003 79.2889 109.135 [1, 1, False, 1]
RP5(<http://www.Department11.University739.edu/GraduateStudent46>,<http://www.University807.edu>) 1003 94.4532 101.817 [1, 1, False, 1]
RP9(<http://www.Department6.University434.edu/FullProfessor5>) 1003 159.343 413.563 [1, 1, True, 1]
RP9(<http://www.Department0.University509.edu/FullProfessor3>) 1003 106.063 154.137 [1, 1, True, 1]
RP9(<http://www.Department21.University869.edu/FullProfessor3>) 1003 140.609 298.427 [1, 1, True, 1]
RP0(<http://www.Department2.University875.edu/AssistantProfessor8>,<http://www.Department2.University875.edu/Lecturer3>) 1004 25000 2039.35 [1, 1, False, 0]
RP0(<http://www.Department2.University759.edu/FullProfessor4>,<http://www.Department2.University759.edu/Lecturer3>) 1004 25000 2542.01 [1, 1, False, 0]
RP0(<http://www.Department0.University116.edu/AssociateProfessor7>,<http://www.Department0.University116.edu/Lecturer2>) 1004 25000 2829.21 [1, 1, False, 0]
RP0(<http://www.Department3.University884.edu/AssistantProfessor4>,<http://www.Department3.University884.edu/Lecturer5>) 1004 25000 2137.12 [1, 1, False, 0]
RP0(<http://www.Department0.University495.edu/FullProfessor7>,<http://www.Department0.University495.edu/Lecturer1>) 1004 25000 2138.12 [1, 1, False, 0]
RP0(<http://www.Department7.University206.edu/FullProfessor0>,<http://www.Department7.University206.edu/Lecturer3>) 1004 25000 2308.68 [1, 1, False, 0]
RP0(<http://www.Department9.University843.edu/FullProfessor1>,<http://www.Department9.University843.edu/Lecturer3>) 1004 25000 1985.81 [1, 1, False, 0]
RP0(<http://www.Department22.University563.edu/AssistantProfessor1>,<http://www.Department22.University563.edu/Lecturer0>) 1004 25000 2457.96 [1, 1, False, 0]
RP0(<http://www.Department8.University169.edu/FullProfessor3>,<http://www.Department8.University169.edu/Lecturer1>) 1004 25000 2966.01 [1, 1, False, 0]
RP0(<http://www.Department3.University259.edu/AssociateProfessor10>,<http://www.Department3.University259.edu/Lecturer2>) 1004 25000 2106.96 [1, 1, False, 0]
RP0(<http://www.Department6.University489.edu/AssociateProfessor0>,<http://www.Department6.University489.edu/Lecturer0>) 1004 25000 2712.63 [1, 1, False, 0]
RP0(<http://www.Department11.University746.edu/FullProfessor5>,<http://www.Department11.University746.edu/Lecturer1>) 1004 20352.7 1980.79 [1, 1, False, 1]
RP0(<http://www.Department4.University961.edu/AssociateProfessor12>,<http://www.Department4.University961.edu/Lecturer2>) 1004 25000 2404.54 [1, 1, False, 0]
RP0(<http://www.Department3.University371.edu/AssociateProfessor0>,<http://www.Department3.University371.edu/Lecturer5>) 1004 25000 1992 [1, 1, False, 0]
RP0(<http://www.Department17.University658.edu/FullProfessor2>,<http://www.Department17.University658.edu/Lecturer0>) 1004 25000 2056.45 [1, 1, False, 0]
RP0(<http://www.Department1.University872.edu/FullProfessor8>,<http://www.Department1.University872.edu/Lecturer5>) 1004 25000 2425.01 [1, 1, False, 0]
RP0(<http://www.Department12.University757.edu/AssistantProfessor8>,<http://www.Department12.University757.edu/Lecturer5>) 1004 25000 2942.99 [1, 1, False, 0]
RP0(<http://www.Department13.University238.edu/AssistantProfessor8>,<http://www.Department13.University238.edu/Lecturer6>) 1004 25000 2186.44 [1, 1, False, 0]
RP0(<http://www.Department5.University555.edu/AssociateProfessor1>,<http://www.Department5.University555.edu/Lecturer3>) 1004 25000 2087.12 [1, 1, False, 0]
RP0(<http://www.Department5.University651.edu/AssistantProfessor0>,<http://www.Department5.University651.edu/Lecturer0>) 1004 25000 2706.89 [1, 1, False, 0]
RP0(<http://www.Department12.University781.edu/AssociateProfessor9>,<http://www.Department12.University781.edu/Lecturer5>) 1004 25000 2024.62 [1, 1, False, 0]
RP0(<http://www.Department8.University944.edu/FullProfessor6>,<http://www.Department8.University944.edu/Lecturer6>) 1004 25000 2542.7 [1, 1, False, 0]
RP0(<http://www.Department11.University334.edu/FullProfessor2>,<http://www.Department11.University334.edu/Lecturer2>) 1004 25000 2510.76 [1, 1, False, 0]
RP0(<http://www.Department0.University856.edu/AssistantProfessor8>,<http://www.Department0.University856.edu/Lecturer4>) 1004 25000 2296.72 [1, 1, False, 0]
RP0(<http://www.Department14.University576.edu/AssistantProfessor1>,<http://www.Department14.University576.edu/Lecturer5>) 1004 25000 2287.34 [1, 1, False, 0]
RP0(<http://www.Department7.University166.edu/AssociateProfessor0>,<http://www.Department7.University166.edu/Lecturer0>) 1004 25000 2640.28 [1, 1, False, 0]
RP0(<http://www.Department3.University558.edu/AssociateProfessor11>,<http://www.Department3.University558.edu/Lecturer4>) 1004 25000 2220.3 [1, 1, False, 0]
RP0(<http://www.Department3.University658.edu/FullProfessor4>,<http://www.Department3.University658.edu/Lecturer6>) 1004 25000 2884.31 [1, 1, False, 0]
RP0(<http://www.Department11.University687.edu/AssociateProfessor12>,<http://www.Department11.University687.edu/Lecturer2>) 1004 25000 2518.65 [1, 1, False, 0]
RP0(<http://www.Department16.University456.edu/FullProfessor3>,<http://www.Department16.University456.edu/Lecturer5>) 1004 25000 2999.16 [1, 1, False, 0]
RP0(<http://www.Department12.University72.edu/Lecturer1>,<http://www.Department12.University72.edu/Lecturer4>) 1005 25000 2211.91 [1, 1, False, 0]
RP0(<http://www.Department11.University139.edu/Lecturer1>,<http://www.Department11.University139.edu/AssociateProfessor9>) 1005 25000 2197.19 [1, 1, False, 0]
RP0(<http://www.Department17.University265.edu/Lecturer2>,<http://www.Department17.University265.edu/AssociateProfessor8>) 1005 25000 2735.19 [1, 1, False, 0]
RP0(<http://www.Department18.University654.edu/Lecturer4>,<http://www.Department18.University654.edu/Lecturer4>) 1005 20788.1 1978.09 [1, 1, False, 1]
RP0(<http://www.Department20.University532.edu/Lecturer4>,<http://www.Department20.University532.edu/Lecturer4>) 1005 25000 2341.37 [1, 1, False, 0]
RP0(<http://www.Department4.University625.edu/Lecturer5>,<http://www.Department4.University625.edu/Lecturer1>) 1005 25000 2278.94 [1, 1, False, 0]
RP0(<http://www.Department2.University356.edu/Lecturer3>,<http://www.Department2.University356.edu/Lecturer0>) 1005 25000 2315.31 [1, 1, False, 0]
RP0(<http://www.Department10.University319.edu/Lecturer2>,<http://www.Department10.University319.edu/Lecturer2>) 1005 25000 2109.9 [1, 1, False, 0]
RP0(<http://www.Department24.University366.edu/Lecturer4>,<http://www.Department24.University366.edu/Lecturer3>) 1005 25000 2796.39 [1, 1, False, 0]
RP0(<http://www.Department7.University437.edu/Lecturer2>,<http://www.Department7.University437.edu/Lecturer2>) 1005 25000 2119.44 [1, 1, False, 0]
RP0(<http://www.Department3.University889.edu/Lecturer3>,<http://www.Department3.University889.edu/Lecturer3>) 1005 25000 2530.03 [1, 1, False, 0]
RP0(<http://www.Department4.University850.edu/Lecturer2>,<http://www.Department4.University850.edu/Lecturer4>) 1005 25000 2823.16 [1, 1, False, 0]
RP0(<http://www.Department11.University262.edu/Lecturer0>,<http://www.Department11.University262.edu/Lecturer3>) 1005 18715.6 1745.97 [1, 1, False, 1]
RP0(<http://www.Department0.University117.edu/Lecturer1>,<http://www.Department0.University117.edu/Lecturer0>) 1005 25000 2343.42 [1, 1, False, 0]
RP0(<http://www.Department11.University728.edu/Lecturer2>,<http://www.Department11.University728.edu/Lecturer5>) 1005 25000 2247.49 [1, 1, False, 0]
RP0(<http://www.Department23.University975.edu/Lecturer5>,<http://www.Department23.University975.edu/Lecturer4>) 1005 25000 2159.13 [1, 1, False, 0]
RP0(<http://www.Department2.University550.edu/Lecturer3>,<http://www.Department2.University550.edu/Lecturer4>) 1005 25000 1624.24 [1, 1, False, 0]
RP0(<http://www.Department17.University163.edu/Lecturer5>,<http://www.Department17.University163.edu/Lecturer1>) 1005 25000 1690.55 [1, 1, False, 0]
RP0(<http://www.Department1.University976.edu/Lecturer2>,<http://www.Department1.University976.edu/Lecturer0>) 1005 25000 2180.4 [1, 1, False, 0]
RP0(<http://www.Department14.University361.edu/Lecturer0>,<http://www.Department14.University361.edu/Lecturer5>) 1005 25000 2403.86 [1, 1, False, 0]
RP0(<http://www.Department13.University881.edu/Lecturer2>,<http://www.Department13.University881.edu/Lecturer3>) 1005 25000 2237.57 [1, 1, False, 0]
RP0(<http://www.Department4.University854.edu/Lecturer3>,<http://www.Department4.University854.edu/Lecturer5>) 1005 25000 2170.28 [1, 1, False, 0]
RP0(<http://www.Department1.University246.edu/Lecturer1>,<http://www.Department1.University246.edu/Lecturer2>) 1005 25000 2711.66 [1, 1, False, 0]
RP0(<http://www.Department9.University369.edu/Lecturer3>,<http://www.Department9.University369.edu/Lecturer4>) 1005 25000 1897.59 [1, 1, False, 0]
RP0(<http://www.Department4.University296.edu/Lecturer4>,<http://www.Department4.University296.edu/Lecturer4>) 1005 25000 1978.48 [1, 1, False, 0]
RP0(<http://www.Department21.University734.edu/Lecturer5>,<http://www.Department21.University734.edu/Lecturer1>) 1005 25000 1946.99 [1, 1, False, 0]
RP0(<http://www.Department6.University688.edu/Lecturer0>,<http://www.Department6.University688.edu/Lecturer0>) 1005 22520.3 1984.78 [1, 1, False, 1]
RP0(<http://www.Department18.University77.edu/Lecturer4>,<http://www.Department18.University77.edu/Lecturer6>) 1005 25000 2074.49 [1, 1, False, 0]
RP0(<http://www.Department7.University943.edu/Lecturer5>,<http://www.Department7.University943.edu/Lecturer4>) 1005 25000 2280.35 [1, 1, False, 0]
RP0(<http://www.Department19.University548.edu/Lecturer3>,<http://www.Department19.University548.edu/Lecturer6>) 1005 25000 2352.31 [1, 1, False, 0]
RP0(<http://www.Department0.University580.edu/Lecturer4>,<http://www.Department0.University580.edu/Lecturer2>) 1006 25000 2448.64 [1, 1, False, 0]
RP0(<http://www.Department6.University854.edu/Lecturer0>,<http://www.Department6.University854.edu/AssistantProfessor5>) 1006 25000 2340.39 [1, 1, False, 0]
RP0(<http://www.Department11.University827.edu/Lecturer4>,<http://www.Department11.University827.edu/Lecturer2>) 1006 25000 2450.13 [1, 1, False, 0]
RP0(<http://www.Department14.University440.edu/Lecturer4>,<http://www.Department14.University440.edu/Lecturer1>) 1006 25000 2230.93 [1, 1, False, 0]
RP0(<http://www.Department15.University859.edu/Lecturer3>,<http://www.Department15.University859.edu/Lecturer2>) 1006 25000 2726.62 [1, 1, False, 0]
RP0(<http://www.Department2.University187.edu/Lecturer6>,<http://www.Department2.University187.edu/Lecturer0>) 1006 25000 2352.62 [1, 1, False, 0]
RP0(<http://www.Department3.University516.edu/Lecturer4>,<http://www.Department3.University516.edu/Lecturer3>) 1006 25000 2766.15 [1, 1, False, 0]
RP0(<http://www.Department10.University60.edu/Lecturer3>,<http://www.Department10.University60.edu/Lecturer0>) 1006 25000 2646.43 [1, 1, False, 0]
RP0(<http://www.Department8.University348.edu/Lecturer0>,<http://www.Department8.University348.edu/Lecturer1>) 1006 25000 2354.21 [1, 1, False, 0]
RP0(<http://www.Department14.University59.edu/Lecturer2>,<http://www.Department14.University59.edu/Lecturer1>) 1006 25000 1787.14 [1, 1, False, 0]
RP0(<http://www.Department4.University156.edu/Lecturer3>,<http://www.Department4.University156.edu/Lecturer1>) 1006 25000 1793.08 [1, 1, False, 0]
RP0(<http://www.Department7.University723.edu/Lecturer0>,<http://www.Department7.University723.edu/Lecturer2>) 1006 25000 2467.43 [1, 1, False, 0]
RP0(<http://www.Department12.University698.edu/Lecturer4>,<http://www.Department12.University698.edu/Lecturer5>) 1006 25000 2042.75 [1, 1, False, 0]
RP0(<http://www.Department16.University659.edu/Lecturer1>,<http://www.Department16.University659.edu/Lecturer2>) 1006 25000 2547.72 [1, 1, False, 0]
RP0(<http://www.Department11.University258.edu/Lecturer6>,<http://www.Department11.University258.edu/Lecturer0>) 1006 25000 2152.08 [1, 1, False, 0]
RP0(<http://www.Department9.University711.edu/Lecturer0>,<http://www.Department9.University711.edu/Lecturer2>) 1006 25000 2678.04 [1, 1, False, 0]
RP0(<http://www.Department6.University891.edu/Lecturer2>,<http://www.Department6.University891.edu/Lecturer3>) 1006 25000 2411.39 [1, 1, False, 0]
RP0(<http://www.Department22.University719.edu/Lecturer2>,<http://www.Department22.University719.edu/Lecturer4>) 1006 25000 1621.55 [1, 1, False, 0]
RP0(<http://www.Department15.University487.edu/Lecturer1>,<http://www.Department15.University487.edu/Lecturer5>) 1006 25000 1976.92 [1, 1, False, 0]
RP0(<http://www.Department20.University787.edu/Lecturer0>,<http://www.Department20.University787.edu/Lecturer1>) 1006 25000 2580.96 [1, 1, False, 0]
RP0(<http://www.Department3.University181.edu/Lecturer2>,<http://www.Department3.University181.edu/Lecturer3>) 1006 25000 2342.01 [1, 1, False, 0]
RP0(<http://www.Department20.University394.edu/Lecturer4>,<http://www.Department20.University394.edu/Lecturer2>) 1006 25000 2000.77 [1, 1, False, 0]
RP0(<http://www.Department12.University95.edu/Lecturer0>,<http://www.Department12.University95.edu/Lecturer1>) 1006 25000 2355.78 [1, 1, False, 0]
RP0(<http://www.Department12.University114.edu/Lecturer2>,<http://www.Department12.University114.edu/Lecturer3>) 1006 25000 2571.64 [1, 1, False, 0]
RP0(<http://www.Department13.University775.edu/Lecturer1>,<http://www.Department13.University775.edu/Lecturer2>) 1006 25000 2222.09 [1, 1, False, 0]
RP0(<http://www.Department6.University891.edu/Lecturer2>,<http://www.Department6.University891.edu/Lecturer3>) 1006 25000 2343.11 [1, 1, False, 0, 0]
RP0(<http://www.Department10.University977.edu/Lecturer2>,<http://www.Department10.University977.edu/Lecturer4>) 1006 25000 2709.61 [1, 1, False, 0]
RP0(<http://www.Department16.University659.edu/Lecturer1>,<http://www.Department16.University659.edu/Lecturer2>) 1006 25000 2415.74 [1, 1, False, 0, 0]
RP0(<http://www.Department13.University699.edu/Lecturer3>,<http://www.Department13.University699.edu/Lecturer4>) 1006 25000 2695.99 [1, 1, False, 0]
RP0(<http://www.Department15.University859.edu/Lecturer3>,<http://www.Department15.University859.edu/Lecturer2>) 1006 25000 2614.32 [1, 1, False, 0, 0]
RP0(<http://www.Department9.University60.edu/Lecturer4>,B) 50 891.812 1816.48 [1, 0, False, 35]
RP0(A,<http://www.Department8.University292.edu/Lecturer2>) 50 570.351 1625.5 [0, 1, False, 33]
RP0(A,<http://www.Department17.University307.edu/Lecturer0>) 50 460.09 1317.62 [0, 1, False, 33]
RP0(<http://www.Department1.University28.edu/Lecturer2>,B) 50 909.31 1731.17 [1, 0, False, 37]
RP0(A,<http://www.Department15.University487.edu/Lecturer5>) 50 973.489 2446.75 [0, 1, False, 40]
RP0(A,<http://www.Department4.University735.edu/Lecturer4>) 50 994.432 2107.34 [0, 1, False, 38]
RP0(A,<http://www.Department2.University354.edu/Lecturer1>) 50 1068.01 2384.63 [0, 1, False, 37]
RP0(<http://www.Department11.University337.edu/Lecturer0>,B) 50 735.824 2364.98 [1, 0, False, 37]
RP0(<http://www.Department12.University286.edu/Lecturer2>,B) 50 585.915 1709.66 [1, 0, False, 35]
RP0(A,<http://www.Department18.University345.edu/Lecturer3>) 50 496.162 1923.97 [0, 1, False, 33]
RP0(<http://www.Department22.University91.edu/Lecturer2>,B) 50 1270.56 2312.32 [1, 0, False, 41]
RP0(<http://www.Department2.University430.edu/Lecturer3>,B) 50 682.227 1790.14 [1, 0, False, 36]
RP0(A,<http://www.Department8.University920.edu/Lecturer3>) 50 698.242 2052.78 [0, 1, False, 36]
RP0(<http://www.Department10.University292.edu/Lecturer3>,B) 50 627.86 1690.66 [1, 0, False, 34]
RP0(<http://www.Department0.University178.edu/Lecturer3>,B) 50 688.787 2069.01 [1, 0, False, 34]
RP0(A,<http://www.Department1.University410.edu/Lecturer5>) 50 572.763 1738.7 [0, 1, False, 34]
RP0(A,<http://www.Department2.University733.edu/Lecturer1>) 50 761.443 1814.64 [0, 1, False, 36]
RP0(A,<http://www.Department13.University399.edu/Lecturer4>) 50 655.186 2033.45 [0, 1, False, 33]
RP0(<http://www.Department12.University457.edu/AssociateProfessor11>,B) 50 941.213 2300.17 [1, 0, False, 38]
RP0(<http://www.Department8.University366.edu/Lecturer5>,B) 50 774.994 2163.35 [1, 0, False, 38]
RP0(<http://www.Department20.University250.edu/Lecturer3>,B) 50 597.515 1720.45 [1, 0, False, 35]
RP0(A,<http://www.Department11.University231.edu/Lecturer1>) 50 783.807 2001.42 [0, 1, False, 36]
RP0(<http://www.Department22.University719.edu/Lecturer2>,B) 50 668.261 1361.58 [1, 0, False, 35]
RP0(A,<http://www.Department2.University539.edu/Lecturer2>) 50 602.06 1707.65 [0, 1, False, 34]
RP0(<http://www.Department13.University322.edu/Lecturer1>,B) 50 608.133 1729.34 [1, 0, False, 34]
RP0(A,<http://www.Department10.University890.edu/Lecturer6>) 50 688.504 2433.58 [0, 1, False, 36]
RP0(<http://www.Department13.University635.edu/Lecturer6>,B) 50 931.961 1863.06 [1, 0, False, 39]
RP0(<http://www.Department20.University152.edu/Lecturer3>,B) 50 810.656 2477.42 [1, 0, False, 38]
RP0(A,<http://www.Department12.University946.edu/Lecturer1>) 50 864.945 1984.92 [0, 1, False, 37]
RP0(A,<http://www.Department14.University188.edu/Lecturer1>) 50 1043.47 2467.4 [0, 1, False, 37]
RP0(A,B) 106 25000 25000 [0, 0, False, 0]
